<?xml version="1.0" encoding="UTF-8"?>
<coverage generated="1789833679695" clover="3.2.0">
  <project timestamp="1789833679695" name="All files">
    <metrics statements="63" coveredstatements="63" conditionals="38" coveredconditionals="30" methods="19" coveredmethods="19" elements="120" coveredelements="112" complexity="0" loc="63" ncloc="63" packages="1" files="2" classes="2"/>
    <file name="favorites.ts" path="C:\projects\getoutbcn\services\supabase\favorites.ts">
      <metrics statements="26" coveredstatements="26" conditionals="15" coveredconditionals="12" methods="10" coveredmethods="10"/>
      <line num="1" count="1" type="stmt"/>
      <line num="5" count="1" type="stmt"/>
      <line num="7" count="1" type="stmt"/>
      <line num="9" count="3" type="stmt"/>
      <line num="13" count="3" type="cond" truecount="1" falsecount="0"/>
      <line num="14" count="2" type="cond" truecount="1" falsecount="1"/>
      <line num="22" count="2" type="stmt"/>
      <line num="28" count="2" type="cond" truecount="1" falsecount="0"/>
      <line num="29" count="1" type="cond" truecount="1" falsecount="1"/>
      <line num="30" count="3" type="cond" truecount="2" falsecount="0"/>
      <line num="31" count="4" type="stmt"/>
      <line num="32" count="1" type="stmt"/>
      <line num="36" count="3" type="stmt"/>
      <line num="40" count="3" type="cond" truecount="1" falsecount="0"/>
      <line num="41" count="3" type="cond" truecount="1" falsecount="1"/>
      <line num="45" count="2" type="stmt"/>
      <line num="50" count="2" type="cond" truecount="1" falsecount="0"/>
      <line num="51" count="1" type="stmt"/>
      <line num="54" count="3" type="stmt"/>
      <line num="57" count="3" type="cond" truecount="1" falsecount="0"/>
      <line num="58" count="2" type="stmt"/>
      <line num="62" count="2" type="stmt"/>
      <line num="67" count="2" type="cond" truecount="1" falsecount="0"/>
      <line num="71" count="3" type="stmt"/>
      <line num="77" count="3" type="cond" truecount="1" falsecount="0"/>
      <line num="78" count="2" type="stmt"/>
    </file>
    <file name="spots.ts" path="C:\projects\getoutbcn\services\supabase\spots.ts">
      <metrics statements="37" coveredstatements="37" conditionals="23" coveredconditionals="18" methods="9" coveredmethods="9"/>
      <line num="1" count="1" type="stmt"/>
      <line num="3" count="1" type="stmt"/>
      <line num="6" count="1" type="stmt"/>
      <line num="8" count="1" type="stmt"/>
      <line num="10" count="1" type="stmt"/>
      <line num="12" count="3" type="stmt"/>
      <line num="17" count="3" type="cond" truecount="1" falsecount="0"/>
      <line num="18" count="2" type="stmt"/>
      <line num="26" count="3" type="stmt"/>
      <line num="27" count="3" type="stmt"/>
      <line num="33" count="3" type="cond" truecount="1" falsecount="0"/>
      <line num="34" count="2" type="cond" truecount="1" falsecount="1"/>
      <line num="42" count="2" type="stmt"/>
      <line num="48" count="2" type="cond" truecount="1" falsecount="0"/>
      <line num="49" count="1" type="cond" truecount="1" falsecount="1"/>
      <line num="57" count="2" type="stmt"/>
      <line num="63" count="2" type="cond" truecount="1" falsecount="0"/>
      <line num="64" count="1" type="cond" truecount="1" falsecount="1"/>
      <line num="73" count="2" type="stmt"/>
      <line num="74" count="2" type="stmt"/>
      <line num="81" count="2" type="cond" truecount="1" falsecount="0"/>
      <line num="82" count="1" type="cond" truecount="1" falsecount="1"/>
      <line num="86" count="3" type="stmt"/>
      <line num="87" count="3" type="cond" truecount="1" falsecount="0"/>
      <line num="88" count="2" type="cond" truecount="2" falsecount="0"/>
      <line num="95" count="3" type="stmt"/>
      <line num="98" count="3" type="cond" truecount="1" falsecount="0"/>
      <line num="99" count="2" type="cond" truecount="1" falsecount="0"/>
      <line num="100" count="1" type="stmt"/>
      <line num="101" count="1" type="stmt"/>
      <line num="102" count="1" type="stmt"/>
      <line num="110" count="3" type="stmt"/>
      <line num="115" count="3" type="cond" truecount="1" falsecount="0"/>
      <line num="116" count="2" type="cond" truecount="1" falsecount="1"/>
      <line num="122" count="2" type="stmt"/>
      <line num="127" count="2" type="cond" truecount="1" falsecount="0"/>
      <line num="128" count="1" type="stmt"/>
    </file>
  </project>
</coverage>
