TN:
SF:services\supabase\favorites.ts
FN:8,(anonymous_0)
FN:17,(anonymous_1)
FN:30,(anonymous_2)
FN:31,(anonymous_3)
FN:35,(anonymous_4)
FN:41,(anonymous_5)
FN:44,(anonymous_6)
FN:53,(anonymous_7)
FN:61,(anonymous_8)
FN:70,(anonymous_9)
FNF:10
FNH:10
FNDA:3,(anonymous_0)
FNDA:2,(anonymous_1)
FNDA:3,(anonymous_2)
FNDA:4,(anonymous_3)
FNDA:3,(anonymous_4)
FNDA:3,(anonymous_5)
FNDA:2,(anonymous_6)
FNDA:3,(anonymous_7)
FNDA:2,(anonymous_8)
FNDA:3,(anonymous_9)
DA:1,1
DA:5,1
DA:7,1
DA:9,3
DA:13,3
DA:14,2
DA:22,2
DA:28,2
DA:29,1
DA:30,3
DA:31,4
DA:32,1
DA:36,3
DA:40,3
DA:41,3
DA:45,2
DA:50,2
DA:51,1
DA:54,3
DA:57,3
DA:58,2
DA:62,2
DA:67,2
DA:71,3
DA:77,3
DA:78,2
LF:26
LH:26
BRDA:13,0,0,1
BRDA:14,1,0,2
BRDA:14,1,1,0
BRDA:28,2,0,1
BRDA:29,3,0,1
BRDA:29,3,1,0
BRDA:30,4,0,1
BRDA:30,4,1,2
BRDA:40,5,0,1
BRDA:41,6,0,2
BRDA:41,6,1,0
BRDA:50,7,0,1
BRDA:57,8,0,1
BRDA:67,9,0,1
BRDA:77,10,0,1
BRF:15
BRH:12
end_of_record
TN:
SF:services\supabase\spots.ts
FN:11,(anonymous_0)
FN:21,(anonymous_1)
FN:37,(anonymous_2)
FN:52,(anonymous_3)
FN:67,(anonymous_4)
FN:85,(anonymous_5)
FN:91,(anonymous_6)
FN:105,(anonymous_7)
FN:119,(anonymous_8)
FNF:9
FNH:9
FNDA:3,(anonymous_0)
FNDA:3,(anonymous_1)
FNDA:2,(anonymous_2)
FNDA:2,(anonymous_3)
FNDA:2,(anonymous_4)
FNDA:3,(anonymous_5)
FNDA:3,(anonymous_6)
FNDA:3,(anonymous_7)
FNDA:2,(anonymous_8)
DA:1,1
DA:3,1
DA:6,1
DA:8,1
DA:10,1
DA:12,3
DA:17,3
DA:18,2
DA:26,3
DA:27,3
DA:33,3
DA:34,2
DA:42,2
DA:48,2
DA:49,1
DA:57,2
DA:63,2
DA:64,1
DA:73,2
DA:74,2
DA:81,2
DA:82,1
DA:86,3
DA:87,3
DA:88,2
DA:95,3
DA:98,3
DA:99,2
DA:100,1
DA:101,1
DA:102,1
DA:110,3
DA:115,3
DA:116,2
DA:122,2
DA:127,2
DA:128,1
LF:37
LH:37
BRDA:17,0,0,1
BRDA:33,1,0,1
BRDA:34,2,0,2
BRDA:34,2,1,0
BRDA:48,3,0,1
BRDA:49,4,0,1
BRDA:49,4,1,0
BRDA:63,5,0,1
BRDA:64,6,0,1
BRDA:64,6,1,0
BRDA:81,7,0,1
BRDA:82,8,0,1
BRDA:82,8,1,0
BRDA:87,9,0,1
BRDA:88,10,0,2
BRDA:88,10,1,1
BRDA:98,11,0,1
BRDA:99,12,0,1
BRDA:108,13,0,2
BRDA:115,14,0,1
BRDA:116,15,0,2
BRDA:116,15,1,0
BRDA:127,16,0,1
BRF:23
BRH:18
end_of_record
